<?xml version="1.0" encoding="UTF-8"?>
<testng-results ignored="0" total="1" passed="1" failed="0" skipped="0">
  <reporter-output>
  </reporter-output>
  <suite started-at="2024-05-08T13:48:05 IST" name="Demo_suite" finished-at="2024-05-08T13:48:24 IST" duration-ms="19206">
    <groups>
    </groups>
    <test started-at="2024-05-08T13:48:05 IST" name="Login_test" finished-at="2024-05-08T13:48:24 IST" duration-ms="19206">
      <class name="Scripts.RegisterUser">
        <test-method is-config="true" signature="openApplication()[pri:0, instance:Scripts.RegisterUser@65fb9ffc]" started-at="2024-05-08T13:48:05 IST" name="openApplication" finished-at="2024-05-08T13:48:12 IST" duration-ms="7183" status="PASS">
          <reporter-output>
          </reporter-output>
        </test-method> <!-- openApplication -->
        <test-method signature="userRegistration()[pri:0, instance:Scripts.RegisterUser@65fb9ffc]" started-at="2024-05-08T13:48:12 IST" name="userRegistration" finished-at="2024-05-08T13:48:24 IST" duration-ms="11840" status="PASS">
          <reporter-output>
          </reporter-output>
        </test-method> <!-- userRegistration -->
        <test-method is-config="true" signature="closeApllication()[pri:0, instance:Scripts.RegisterUser@65fb9ffc]" started-at="2024-05-08T13:48:24 IST" name="closeApllication" finished-at="2024-05-08T13:48:24 IST" duration-ms="141" status="PASS">
          <reporter-output>
          </reporter-output>
        </test-method> <!-- closeApllication -->
      </class> <!-- Scripts.RegisterUser -->
    </test> <!-- Login_test -->
  </suite> <!-- Demo_suite -->
</testng-results>
